
> socs@0.1.0 build
> next build

▲ Next.js 16.2.2 (Turbopack)

  Creating an optimized production build ...

> Build error occurred
Error: Turbopack build failed with 10 errors:
./src/app/page.tsx:10:33
`ssr: false` is not allowed with `next/dynamic` in Server Components. Please move it into a Client Component.
  [90m 8 |[0m ...
  [90m 9 |[0m ...[90mcally import Te...[0m
[31m[1m>[0m [90m10 |[0m ...[33mminalWindowWith...[0m
  [90m   |[0m                           [31m[1m[0m
[31m[1m>[0m [90m11 |[0m ...[36mmport[0m([32m'../compo...[0m
  [90m   |[0m    [31m[1m^^^^^^^^^^^^^^^^^^[0m
[31m[1m>[0m [90m12 |[0m ...[36mfalse[0m }
  [90m   |[0m    [31m[1m^^^^^^^^^^^^^^^^[0m
[31m[1m>[0m [90m13 |[0m ...
  [90m   |[0m    [31m[1m^[0m
  [90m14 |[0m ...
  [90m15 |[0m ...[36mfault[0m [36mfunction[0m [33m...[0m
  [90m16 |[0m ...(

Ecmascript file had an error


./src/components/cards/ProjectCard.tsx:5:1
Export Github doesn't exist in target module
  [90m3 |[0m ...[33mdge[0m } [36mfrom[0m [32m"../u...[0m
  [90m4 |[0m ...[33mowBorder[0m } [36mfrom[0m [32m...[0m
[31m[1m>[0m [90m5 |[0m ...[33mthub[0m } [36mfrom[0m [32m"luc...[0m
  [90m  |[0m    [31m[1m^^^^^^^^^^^^^^^^^^^[0m
  [90m6 |[0m ...
  [90m7 |[0m ...[36mtion[0m [33mProjectCard[0m...
  [90m8 |[0m ...

The export Github was not found in module [project]/node_modules/lucide-react/dist/esm/lucide-react.js [app-client] (ecmascript).
Did you mean to import Gift?
All exports of the module are statically known (It doesn't have dynamic exports). So it's known statically that the requested export doesn't exist.

Import traces:
  Client Component Browser:
    ./src/components/cards/ProjectCard.tsx [Client Component Browser]
    ./src/app/projects/page.tsx [Client Component Browser]
    ./src/app/projects/page.tsx [Server Component]

  Client Component SSR:
    ./src/components/cards/ProjectCard.tsx [Client Component SSR]
    ./src/app/projects/page.tsx [Client Component SSR]
    ./src/app/projects/page.tsx [Server Component]


./src/components/cards/ProjectCard.tsx:5:1
Export Github doesn't exist in target module
  [90m3 |[0m ...[33mdge[0m } [36mfrom[0m [32m"../u...[0m
  [90m4 |[0m ...[33mowBorder[0m } [36mfrom[0m [32m...[0m
[31m[1m>[0m [90m5 |[0m ...[33mthub[0m } [36mfrom[0m [32m"luc...[0m
  [90m  |[0m    [31m[1m^^^^^^^^^^^^^^^^^^^[0m
  [90m6 |[0m ...
  [90m7 |[0m ...[36mtion[0m [33mProjectCard[0m...
  [90m8 |[0m ...

The export Github was not found in module [project]/node_modules/lucide-react/dist/esm/lucide-react.js [app-ssr] (ecmascript).
Did you mean to import Gift?
All exports of the module are statically known (It doesn't have dynamic exports). So it's known statically that the requested export doesn't exist.

Import traces:
  Client Component Browser:
    ./src/components/cards/ProjectCard.tsx [Client Component Browser]
    ./src/app/projects/page.tsx [Client Component Browser]
    ./src/app/projects/page.tsx [Server Component]

  Client Component SSR:
    ./src/components/cards/ProjectCard.tsx [Client Component SSR]
    ./src/app/projects/page.tsx [Client Component SSR]
    ./src/app/projects/page.tsx [Server Component]


./src/components/cards/TeamCard.tsx:7:1
Export Github doesn't exist in target module
  [90m 5 |[0m ...[36mfrom[0m [32m"../ui/Bad...[0m
  [90m 6 |[0m ...[33mer[0m } [36mfrom[0m [32m"../u...[0m
[31m[1m>[0m [90m 7 |[0m ...[33mLinkedin[0m } [36mfrom[0m.[32m..[0m
  [90m   |[0m    [31m[1m^^^^^^^^^^^^^^^^^^[0m
  [90m 8 |[0m ...
  [90m 9 |[0m ...[33meamCard[0m({ membe...
  [90m10 |[0m ...

The export Github was not found in module [project]/node_modules/lucide-react/dist/esm/lucide-react.js [app-client] (ecmascript).
Did you mean to import Gift?
All exports of the module are statically known (It doesn't have dynamic exports). So it's known statically that the requested export doesn't exist.

Import traces:
  Client Component Browser:
    ./src/components/cards/TeamCard.tsx [Client Component Browser]
    ./src/app/team/page.tsx [Client Component Browser]
    ./src/app/team/page.tsx [Server Component]

  Client Component SSR:
    ./src/components/cards/TeamCard.tsx [Client Component SSR]
    ./src/app/team/page.tsx [Client Component SSR]
    ./src/app/team/page.tsx [Server Component]


./src/components/cards/TeamCard.tsx:7:1
Export Github doesn't exist in target module
  [90m 5 |[0m ...[36mfrom[0m [32m"../ui/Bad...[0m
  [90m 6 |[0m ...[33mer[0m } [36mfrom[0m [32m"../u...[0m
[31m[1m>[0m [90m 7 |[0m ...[33mLinkedin[0m } [36mfrom[0m.[32m..[0m
  [90m   |[0m    [31m[1m^^^^^^^^^^^^^^^^^^[0m
  [90m 8 |[0m ...
  [90m 9 |[0m ...[33meamCard[0m({ membe...
  [90m10 |[0m ...

The export Github was not found in module [project]/node_modules/lucide-react/dist/esm/lucide-react.js [app-ssr] (ecmascript).
Did you mean to import Gift?
All exports of the module are statically known (It doesn't have dynamic exports). So it's known statically that the requested export doesn't exist.

Import traces:
  Client Component Browser:
    ./src/components/cards/TeamCard.tsx [Client Component Browser]
    ./src/app/team/page.tsx [Client Component Browser]
    ./src/app/team/page.tsx [Server Component]

  Client Component SSR:
    ./src/components/cards/TeamCard.tsx [Client Component SSR]
    ./src/app/team/page.tsx [Client Component SSR]
    ./src/app/team/page.tsx [Server Component]


./src/components/layout/Footer.tsx:3:1
Export Github doesn't exist in target module
  [90m1 |[0m ...
  [90m2 |[0m ...;
[31m[1m>[0m [90m3 |[0m ...[33mnkedin[0m, [33mMessageS...[0m
  [90m  |[0m    [31m[1m^^^^^^^^^^^^^^^^^^^[0m
  [90m4 |[0m ...
  [90m5 |[0m ...
  [90m6 |[0m ...[33mte[0m().getFullYear();

The export Github was not found in module [project]/node_modules/lucide-react/dist/esm/lucide-react.js [app-rsc] (ecmascript).
Did you mean to import Gift?
All exports of the module are statically known (It doesn't have dynamic exports). So it's known statically that the requested export doesn't exist.

Import trace:
  Server Component:
    ./src/components/layout/Footer.tsx
    ./src/app/layout.tsx


./src/components/cards/TeamCard.tsx:7:1
Export Linkedin doesn't exist in target module
  [90m 5 |[0m ...[36mfrom[0m [32m"../ui/Bad...[0m
  [90m 6 |[0m ...[33mer[0m } [36mfrom[0m [32m"../u...[0m
[31m[1m>[0m [90m 7 |[0m ...[33mLinkedin[0m } [36mfrom[0m.[32m..[0m
  [90m   |[0m    [31m[1m^^^^^^^^^^^^^^^^^^[0m
  [90m 8 |[0m ...
  [90m 9 |[0m ...[33meamCard[0m({ membe...
  [90m10 |[0m ...

The export Linkedin was not found in module [project]/node_modules/lucide-react/dist/esm/lucide-react.js [app-client] (ecmascript).
Did you mean to import Link?
All exports of the module are statically known (It doesn't have dynamic exports). So it's known statically that the requested export doesn't exist.

Import traces:
  Client Component Browser:
    ./src/components/cards/TeamCard.tsx [Client Component Browser]
    ./src/app/team/page.tsx [Client Component Browser]
    ./src/app/team/page.tsx [Server Component]

  Client Component SSR:
    ./src/components/cards/TeamCard.tsx [Client Component SSR]
    ./src/app/team/page.tsx [Client Component SSR]
    ./src/app/team/page.tsx [Server Component]


./src/components/cards/TeamCard.tsx:7:1
Export Linkedin doesn't exist in target module
  [90m 5 |[0m ...[36mfrom[0m [32m"../ui/Bad...[0m
  [90m 6 |[0m ...[33mer[0m } [36mfrom[0m [32m"../u...[0m
[31m[1m>[0m [90m 7 |[0m ...[33mLinkedin[0m } [36mfrom[0m.[32m..[0m
  [90m   |[0m    [31m[1m^^^^^^^^^^^^^^^^^^[0m
  [90m 8 |[0m ...
  [90m 9 |[0m ...[33meamCard[0m({ membe...
  [90m10 |[0m ...

The export Linkedin was not found in module [project]/node_modules/lucide-react/dist/esm/lucide-react.js [app-ssr] (ecmascript).
Did you mean to import Link?
All exports of the module are statically known (It doesn't have dynamic exports). So it's known statically that the requested export doesn't exist.

Import traces:
  Client Component Browser:
    ./src/components/cards/TeamCard.tsx [Client Component Browser]
    ./src/app/team/page.tsx [Client Component Browser]
    ./src/app/team/page.tsx [Server Component]

  Client Component SSR:
    ./src/components/cards/TeamCard.tsx [Client Component SSR]
    ./src/app/team/page.tsx [Client Component SSR]
    ./src/app/team/page.tsx [Server Component]


./src/components/layout/Footer.tsx:3:1
Export Linkedin doesn't exist in target module
  [90m1 |[0m ...
  [90m2 |[0m ...;
[31m[1m>[0m [90m3 |[0m ...[33mnkedin[0m, [33mMessageS...[0m
  [90m  |[0m    [31m[1m^^^^^^^^^^^^^^^^^^^[0m
  [90m4 |[0m ...
  [90m5 |[0m ...
  [90m6 |[0m ...[33mte[0m().getFullYear();

The export Linkedin was not found in module [project]/node_modules/lucide-react/dist/esm/lucide-react.js [app-rsc] (ecmascript).
Did you mean to import Link?
All exports of the module are statically known (It doesn't have dynamic exports). So it's known statically that the requested export doesn't exist.

Import trace:
  Server Component:
    ./src/components/layout/Footer.tsx
    ./src/app/layout.tsx


./src/components/layout/Footer.tsx:3:1
Export Twitter doesn't exist in target module
  [90m1 |[0m ...
  [90m2 |[0m ...;
[31m[1m>[0m [90m3 |[0m ...[33mnkedin[0m, [33mMessageS...[0m
  [90m  |[0m    [31m[1m^^^^^^^^^^^^^^^^^^^[0m
  [90m4 |[0m ...
  [90m5 |[0m ...
  [90m6 |[0m ...[33mte[0m().getFullYear();

The export Twitter was not found in module [project]/node_modules/lucide-react/dist/esm/lucide-react.js [app-rsc] (ecmascript).
Did you mean to import Timer?
All exports of the module are statically known (It doesn't have dynamic exports). So it's known statically that the requested export doesn't exist.

Import trace:
  Server Component:
    ./src/components/layout/Footer.tsx
    ./src/app/layout.tsx


    at <unknown> (./src/app/page.tsx:10:33)
    at <unknown> (./src/components/cards/ProjectCard.tsx:5:1)
    at <unknown> (./src/components/cards/ProjectCard.tsx:5:1)
    at <unknown> (./src/components/cards/TeamCard.tsx:7:1)
    at <unknown> (./src/components/cards/TeamCard.tsx:7:1)
    at <unknown> (./src/components/layout/Footer.tsx:3:1)
    at <unknown> (./src/components/cards/TeamCard.tsx:7:1)
    at <unknown> (./src/components/cards/TeamCard.tsx:7:1)
    at <unknown> (./src/components/layout/Footer.tsx:3:1)
    at <unknown> (./src/components/layout/Footer.tsx:3:1)
